{"logTime": "0906/162700", "correlationVector":"+WQv2ufFXvqo8EkOAjuXU5.0","action":"FeedSettingFetch_homeCloud", "result":"0", "context":{}}
{"logTime": "0906/162701", "correlationVector":"+WQv2ufFXvqo8EkOAjuXU5.0","action":"SyncServerConnectionManagerRequest", "result":"SYNC_SERVER_OK", "context":{"environment":"", "server":""}}
{"logTime": "0906/162701", "correlationVector":"VYv6sZ+ODEasnwzVqCPoLV.1","action":"SyncServerConnectionManagerRequest", "result":"SYNC_SERVER_OK", "context":{"environment":"48F630A6-CB1B-4CC7-86AF-0F6627234B58", "server":"SG2PEPF00000C8F"}}
{"logTime": "0906/162701", "correlationVector":"mO1x1966XO0mLYdeQlVPyD.1","action":"SyncServerConnectionManagerRequest", "result":"SYNC_SERVER_OK", "context":{"environment":"48F630A6-CB1B-4CC7-86AF-0F6627234B58", "server":"SG2PEPF00000C8F"}}
{"logTime": "0906/162701", "correlationVector":"VYv6sZ+ODEasnwzVqCPoLV","action":"Initial GetUpdates", "result":""}
{"logTime": "0906/162701", "correlationVector":"VYv6sZ+ODEasnwzVqCPoLV.2","action":"GetUpdates Response", "result":"SERVER_MORE_TO_DOWNLOAD"}
{"logTime": "0906/162701", "correlationVector":"mO1x1966XO0mLYdeQlVPyD","action":"Initial GetUpdates", "result":""}
{"logTime": "0906/162701", "correlationVector":"mO1x1966XO0mLYdeQlVPyD.2","action":"GetUpdates Response", "result":"SYNCER_OK"}
{"logTime": "0906/162727", "correlationVector":"Zvchv/zsFs07gCf9weVXcg","action":"Initial GetUpdates", "result":""}
{"logTime": "0906/162727", "correlationVector":"Zvchv/zsFs07gCf9weVXcg.1","action":"SyncServerConnectionManagerRequest", "result":"SYNC_SERVER_OK", "context":{"environment":"48F630A6-CB1B-4CC7-86AF-0F6627234B58", "server":"SG2PEPF00000C8F"}}
{"logTime": "0906/162727", "correlationVector":"Zvchv/zsFs07gCf9weVXcg.2","action":"GetUpdates Response", "result":"SERVER_MORE_TO_DOWNLOAD"}
{"logTime": "0906/162727", "correlationVector":"dNn4MiGDsn0OQTae6xDsbE","action":"Initial GetUpdates", "result":""}
{"logTime": "0906/162727", "correlationVector":"dNn4MiGDsn0OQTae6xDsbE.1","action":"SyncServerConnectionManagerRequest", "result":"SYNC_SERVER_OK", "context":{"environment":"48F630A6-CB1B-4CC7-86AF-0F6627234B58", "server":"SG2PEPF00000C8F"}}
{"logTime": "0906/162727", "correlationVector":"dNn4MiGDsn0OQTae6xDsbE.2","action":"GetUpdates Response", "result":"SYNCER_OK"}
{"logTime": "0906/162727", "correlationVector":"jZC7W9dCsKWGUb76HCfaz/","action":"Normal GetUpdate request", "result":""}
{"logTime": "0906/162727", "correlationVector":"jZC7W9dCsKWGUb76HCfaz/.1","action":"SyncServerConnectionManagerRequest", "result":"SYNC_SERVER_OK", "context":{"environment":"48F630A6-CB1B-4CC7-86AF-0F6627234B58", "server":"SG2PEPF00000C8F"}}
{"logTime": "0906/162727", "correlationVector":"jZC7W9dCsKWGUb76HCfaz/.2","action":"GetUpdates Response", "result":"SYNCER_OK"}
{"logTime": "0906/162727", "correlationVector":"LncQQDlk1xEqWu3VNm72sE","action":"Commit Request", "result":""}
{"logTime": "0906/162728", "correlationVector":"LncQQDlk1xEqWu3VNm72sE.1","action":"SyncServerConnectionManagerRequest", "result":"SYNC_SERVER_OK", "context":{"environment":"48F630A6-CB1B-4CC7-86AF-0F6627234B58", "server":"SG2PEPF00000C8F"}}
{"logTime": "0906/162728", "correlationVector":"LncQQDlk1xEqWu3VNm72sE.2","action":"Commit Response", "result":"SYNCER_OK"}
{"logTime": "0906/164333", "correlationVector":"vUuTsyqo3yGluUSwud+LGJ.0","action":"FeedSettingFetch_homeCloud", "result":"0", "context":{}}
{"logTime": "0906/164334", "correlationVector":"DkxWjmhMpQRZGVq6oUdCoe.1","action":"SyncServerConnectionManagerRequest", "result":"SYNC_SERVER_OK", "context":{"environment":"48F630A6-CB1B-4CC7-86AF-0F6627234B58", "server":"SG2PEPF00000C99"}}
{"logTime": "0906/164334", "correlationVector":"4wQx8wSfygfXRVrY9xvziX.1","action":"SyncServerConnectionManagerRequest", "result":"SYNC_SERVER_OK", "context":{"environment":"48F630A6-CB1B-4CC7-86AF-0F6627234B58", "server":"SG2PEPF00000C99"}}
{"logTime": "0906/164334", "correlationVector":"DkxWjmhMpQRZGVq6oUdCoe","action":"Initial GetUpdates", "result":""}
{"logTime": "0906/164334", "correlationVector":"DkxWjmhMpQRZGVq6oUdCoe.2","action":"GetUpdates Response", "result":"SERVER_MORE_TO_DOWNLOAD"}
{"logTime": "0906/164334", "correlationVector":"4wQx8wSfygfXRVrY9xvziX","action":"Initial GetUpdates", "result":""}
{"logTime": "0906/164334", "correlationVector":"4wQx8wSfygfXRVrY9xvziX.2","action":"GetUpdates Response", "result":"SYNCER_OK"}
{"logTime": "0906/164334", "correlationVector":"IJdzBlgPaexHcK+Wsi+r+a","action":"SyncServerConnectionManagerRequest", "result":"SYNC_SERVER_OK", "context":{"environment":"", "server":""}}
{"logTime": "0906/164334", "correlationVector":"6EFc5KQ2RSGPzpsLgeYS5c","action":"Normal GetUpdate request", "result":""}
{"logTime": "0906/164334", "correlationVector":"6EFc5KQ2RSGPzpsLgeYS5c.1","action":"SyncServerConnectionManagerRequest", "result":"SYNC_SERVER_OK", "context":{"environment":"48F630A6-CB1B-4CC7-86AF-0F6627234B58", "server":"SG2PEPF00000C99"}}
{"logTime": "0906/164334", "correlationVector":"6EFc5KQ2RSGPzpsLgeYS5c.2","action":"GetUpdates Response", "result":"SYNCER_OK"}
{"logTime": "0906/164334", "correlationVector":"Ecn9lyGERGjUdywxLVax4z","action":"Normal GetUpdate request", "result":""}
{"logTime": "0906/164335", "correlationVector":"Ecn9lyGERGjUdywxLVax4z.1","action":"SyncServerConnectionManagerRequest", "result":"SYNC_SERVER_OK", "context":{"environment":"48F630A6-CB1B-4CC7-86AF-0F6627234B58", "server":"SG2PEPF00000C99"}}
{"logTime": "0906/164335", "correlationVector":"Ecn9lyGERGjUdywxLVax4z.2","action":"GetUpdates Response", "result":"SYNCER_OK"}
