Flutter crash report.
Please report a bug at https://github.com/flutter/flutter/issues.

## command

flutter run

## exception

WipError: WipError -32000 Cannot find context with specified id

```
```

## flutter doctor

```
[✓] Flutter (Channel stable, 2.8.1, on Microsoft Windows [Version 10.0.19044.1466], locale en-US)
    • Flutter version 2.8.1 at C:\flutter
    • Upstream repository https://github.com/flutter/flutter.git
    • Framework revision 77d935af4d (5 weeks ago), 2021-12-16 08:37:33 -0800
    • Engine revision 890a5fca2e
    • Dart version 2.15.1

[✓] Android toolchain - develop for Android devices (Android SDK version 31.0.0)
    • Android SDK at C:\Users\Randel Reyes\AppData\Local\Android\sdk
    • Platform android-30, build-tools 31.0.0
    • Java binary at: C:\Program Files\Android\Android Studio\jre\bin\java
    • Java version OpenJDK Runtime Environment (build 11.0.10+0-b96-7249189)
    • All Android licenses accepted.

[✓] Chrome - develop for the web
    • Chrome at C:\Program Files (x86)\Google\Chrome\Application\chrome.exe

[✓] Android Studio (version 2020.3)
    • Android Studio at C:\Program Files\Android\Android Studio
    • Flutter plugin can be installed from:
      🔨 https://plugins.jetbrains.com/plugin/9212-flutter
    • Dart plugin can be installed from:
      🔨 https://plugins.jetbrains.com/plugin/6351-dart
    • Java version OpenJDK Runtime Environment (build 11.0.10+0-b96-7249189)

[✓] IntelliJ IDEA Ultimate Edition (version 2021.1)
    • IntelliJ at C:\Program Files\JetBrains\IntelliJ IDEA 2019.3.3
    • Flutter plugin version 59.0.3
    • Dart plugin version 211.6693.108

[✓] VS Code (version 1.63.2)
    • VS Code at C:\Users\Randel Reyes\AppData\Local\Programs\Microsoft VS Code
    • Flutter extension version 3.32.0

[✓] Connected device (2 available)
    • Chrome (web) • chrome • web-javascript • Google Chrome 97.0.4692.71
    • Edge (web)   • edge   • web-javascript • Microsoft Edge 97.0.1072.62

• No issues found!
```
